# JRE version: Java(TM) SE Runtime Environment (8.0_111-b14) (build 1.8.0_111-b14)
# Java VM: Java HotSpot(TM) 64-Bit Server VM (25.111-b14 mixed mode windows-amd64 compressed oops)
Heap:
 PSYoungGen      total 22528K, used 7651K [0x00000000eb400000, 0x00000000ed000000, 0x0000000100000000)
  eden space 16384K, 14% used [0x00000000eb400000,0x00000000eb65bba0,0x00000000ec400000)
  from space 6144K, 85% used [0x00000000ec400000,0x00000000ec91d198,0x00000000eca00000)
  to   space 6144K, 0% used [0x00000000eca00000,0x00000000eca00000,0x00000000ed000000)
 ParOldGen       total 44032K, used 9186K [0x00000000c1c00000, 0x00000000c4700000, 0x00000000eb400000)
  object space 44032K, 20% used [0x00000000c1c00000,0x00000000c24f8a28,0x00000000c4700000)
 Metaspace       used 18825K, capacity 19208K, committed 19456K, reserved 1067008K
  class space    used 2555K, capacity 2705K, committed 2816K, reserved 1048576K
GC Heap History (10 events):
Event: 20.410 GC heap after
Heap after GC invocations=2 (full 0):
 PSYoungGen      total 18944K, used 2539K [0x00000000eb400000, 0x00000000ec900000, 0x0000000100000000)
  eden space 16384K, 0% used [0x00000000eb400000,0x00000000eb400000,0x00000000ec400000)
  from space 2560K, 99% used [0x00000000ec680000,0x00000000ec8fada0,0x00000000ec900000)
  to   space 2560K, 0% used [0x00000000ec400000,0x00000000ec400000,0x00000000ec680000)
 ParOldGen       total 44032K, used 1665K [0x00000000c1c00000, 0x00000000c4700000, 0x00000000eb400000)
  object space 44032K, 3% used [0x00000000c1c00000,0x00000000c1da0770,0x00000000c4700000)
 Metaspace       used 8383K, capacity 8618K, committed 8960K, reserved 1056768K
  class space    used 1112K, capacity 1186K, committed 1280K, reserved 1048576K
}
Event: 26.945 GC heap before
{Heap before GC invocations=3 (full 0):
 PSYoungGen      total 18944K, used 18923K [0x00000000eb400000, 0x00000000ec900000, 0x0000000100000000)
  eden space 16384K, 100% used [0x00000000eb400000,0x00000000ec400000,0x00000000ec400000)
  from space 2560K, 99% used [0x00000000ec680000,0x00000000ec8fada0,0x00000000ec900000)
  to   space 2560K, 0% used [0x00000000ec400000,0x00000000ec400000,0x00000000ec680000)
 ParOldGen       total 44032K, used 1665K [0x00000000c1c00000, 0x00000000c4700000, 0x00000000eb400000)
  object space 44032K, 3% used [0x00000000c1c00000,0x00000000c1da0770,0x00000000c4700000)
 Metaspace       used 9480K, capacity 9732K, committed 9856K, reserved 1058816K
  class space    used 1289K, capacity 1388K, committed 1408K, reserved 1048576K
Event: 26.954 GC heap after
Heap after GC invocations=3 (full 0):
 PSYoungGen      total 18944K, used 2544K [0x00000000eb400000, 0x00000000ec900000, 0x0000000100000000)
  eden space 16384K, 0% used [0x00000000eb400000,0x00000000eb400000,0x00000000ec400000)
  from space 2560K, 99% used [0x00000000ec400000,0x00000000ec67c030,0x00000000ec680000)
  to   space 2560K, 0% used [0x00000000ec680000,0x00000000ec680000,0x00000000ec900000)
 ParOldGen       total 44032K, used 2813K [0x00000000c1c00000, 0x00000000c4700000, 0x00000000eb400000)
  object space 44032K, 6% used [0x00000000c1c00000,0x00000000c1ebf6b8,0x00000000c4700000)
 Metaspace       used 9480K, capacity 9732K, committed 9856K, reserved 1058816K
  class space    used 1289K, capacity 1388K, committed 1408K, reserved 1048576K
}
Event: 33.415 GC heap before
{Heap before GC invocations=4 (full 0):
 PSYoungGen      total 18944K, used 18928K [0x00000000eb400000, 0x00000000ec900000, 0x0000000100000000)
  eden space 16384K, 100% used [0x00000000eb400000,0x00000000ec400000,0x00000000ec400000)
  from space 2560K, 99% used [0x00000000ec400000,0x00000000ec67c030,0x00000000ec680000)
  to   space 2560K, 0% used [0x00000000ec680000,0x00000000ec680000,0x00000000ec900000)
 ParOldGen       total 44032K, used 2813K [0x00000000c1c00000, 0x00000000c4700000, 0x00000000eb400000)
  object space 44032K, 6% used [0x00000000c1c00000,0x00000000c1ebf6b8,0x00000000c4700000)
 Metaspace       used 13452K, capacity 13732K, committed 13952K, reserved 1060864K
  class space    used 1800K, capacity 1868K, committed 1920K, reserved 1048576K
Event: 33.430 GC heap after
Heap after GC invocations=4 (full 0):
 PSYoungGen      total 18944K, used 2528K [0x00000000eb400000, 0x00000000ec900000, 0x0000000100000000)
  eden space 16384K, 0% used [0x00000000eb400000,0x00000000eb400000,0x00000000ec400000)
  from space 2560K, 98% used [0x00000000ec680000,0x00000000ec8f8020,0x00000000ec900000)
  to   space 2560K, 0% used [0x00000000ec400000,0x00000000ec400000,0x00000000ec680000)
 ParOldGen       total 44032K, used 6273K [0x00000000c1c00000, 0x00000000c4700000, 0x00000000eb400000)
  object space 44032K, 14% used [0x00000000c1c00000,0x00000000c22204f0,0x00000000c4700000)
 Metaspace       used 13452K, capacity 13732K, committed 13952K, reserved 1060864K
  class space    used 1800K, capacity 1868K, committed 1920K, reserved 1048576K
}
Event: 36.925 GC heap before
{Heap before GC invocations=5 (full 0):
 PSYoungGen      total 18944K, used 18912K [0x00000000eb400000, 0x00000000ec900000, 0x0000000100000000)
  eden space 16384K, 100% used [0x00000000eb400000,0x00000000ec400000,0x00000000ec400000)
  from space 2560K, 98% used [0x00000000ec680000,0x00000000ec8f8020,0x00000000ec900000)
  to   space 2560K, 0% used [0x00000000ec400000,0x00000000ec400000,0x00000000ec680000)
 ParOldGen       total 44032K, used 6273K [0x00000000c1c00000, 0x00000000c4700000, 0x00000000eb400000)
  object space 44032K, 14% used [0x00000000c1c00000,0x00000000c22204f0,0x00000000c4700000)
 Metaspace       used 15265K, capacity 15620K, committed 15872K, reserved 1062912K
  class space    used 2112K, capacity 2220K, committed 2304K, reserved 1048576K
Event: 36.968 GC heap after
Heap after GC invocations=5 (full 0):
 PSYoungGen      total 18944K, used 2544K [0x00000000eb400000, 0x00000000ed000000, 0x0000000100000000)
  eden space 16384K, 0% used [0x00000000eb400000,0x00000000eb400000,0x00000000ec400000)
  from space 2560K, 99% used [0x00000000ec400000,0x00000000ec67c030,0x00000000ec680000)
  to   space 6144K, 0% used [0x00000000eca00000,0x00000000eca00000,0x00000000ed000000)
 ParOldGen       total 44032K, used 8558K [0x00000000c1c00000, 0x00000000c4700000, 0x00000000eb400000)
  object space 44032K, 19% used [0x00000000c1c00000,0x00000000c245b988,0x00000000c4700000)
 Metaspace       used 15265K, capacity 15620K, committed 15872K, reserved 1062912K
  class space    used 2112K, capacity 2220K, committed 2304K, reserved 1048576K
}
Event: 40.043 GC heap before
{Heap before GC invocations=6 (full 0):
 PSYoungGen      total 18944K, used 18928K [0x00000000eb400000, 0x00000000ed000000, 0x0000000100000000)
  eden space 16384K, 100% used [0x00000000eb400000,0x00000000ec400000,0x00000000ec400000)
  from space 2560K, 99% used [0x00000000ec400000,0x00000000ec67c030,0x00000000ec680000)
  to   space 6144K, 0% used [0x00000000eca00000,0x00000000eca00000,0x00000000ed000000)
 ParOldGen       total 44032K, used 8558K [0x00000000c1c00000, 0x00000000c4700000, 0x00000000eb400000)
  object space 44032K, 19% used [0x00000000c1c00000,0x00000000c245b988,0x00000000c4700000)
 Metaspace       used 16805K, capacity 17060K, committed 17408K, reserved 1064960K
  class space    used 2345K, capacity 2444K, committed 2560K, reserved 1048576K
Event: 40.057 GC heap after
Heap after GC invocations=6 (full 0):
 PSYoungGen      total 22528K, used 4481K [0x00000000eb400000, 0x00000000ed000000, 0x0000000100000000)
  eden space 16384K, 0% used [0x00000000eb400000,0x00000000eb400000,0x00000000ec400000)
  from space 6144K, 72% used [0x00000000eca00000,0x00000000ece605f0,0x00000000ed000000)
  to   space 6144K, 0% used [0x00000000ec400000,0x00000000ec400000,0x00000000eca00000)
 ParOldGen       total 44032K, used 8558K [0x00000000c1c00000, 0x00000000c4700000, 0x00000000eb400000)
  object space 44032K, 19% used [0x00000000c1c00000,0x00000000c245b988,0x00000000c4700000)
 Metaspace       used 16805K, capacity 17060K, committed 17408K, reserved 1064960K
  class space    used 2345K, capacity 2444K, committed 2560K, reserved 1048576K
}
Event: 44.706 GC heap before
{Heap before GC invocations=7 (full 0):
 PSYoungGen      total 22528K, used 20266K [0x00000000eb400000, 0x00000000ed000000, 0x0000000100000000)
  eden space 16384K, 96% used [0x00000000eb400000,0x00000000ec36a5b0,0x00000000ec400000)
  from space 6144K, 72% used [0x00000000eca00000,0x00000000ece605f0,0x00000000ed000000)
  to   space 6144K, 0% used [0x00000000ec400000,0x00000000ec400000,0x00000000eca00000)
 ParOldGen       total 44032K, used 8558K [0x00000000c1c00000, 0x00000000c4700000, 0x00000000eb400000)
  object space 44032K, 19% used [0x00000000c1c00000,0x00000000c245b988,0x00000000c4700000)
 Metaspace       used 18226K, capacity 18568K, committed 18944K, reserved 1064960K
  class space    used 2555K, capacity 2705K, committed 2816K, reserved 1048576K

